<?xml version="1.0" encoding="UTF-8"?>
<!-- Generated by org.testng.reporters.JUnitXMLReporter -->
<testsuite hostname="oll-hdsouza" name="Surefire test" tests="1" failures="1" timestamp="20 Apr 2018 19:58:43 GMT" time="0.631" errors="0">
  <testcase name="validateRegressionTestDefinition" time="0.605" classname="ca.on.oicr.pde.workflows.XenoClassifyWorkflowTest">
    <failure type="java.lang.RuntimeException" message="java.lang.NumberFormatException: null">
      <![CDATA[java.lang.RuntimeException: java.lang.NumberFormatException: null
	at ca.on.oicr.pde.workflows.XenoClassifyWorkflow.init(XenoClassifyWorkflow.java:102)
	at ca.on.oicr.pde.workflows.XenoClassifyWorkflow.setupDirectory(XenoClassifyWorkflow.java:108)
	at ca.on.oicr.pde.testing.workflow.DryRun.buildWorkflowModel(DryRun.java:67)
	at ca.on.oicr.pde.workflows.XenoClassifyWorkflowTest.validateRegressionTestDefinition(XenoClassifyWorkflowTest.java:26)
Caused by: java.lang.NumberFormatException: null
	at java.lang.Integer.parseInt(Integer.java:454)
	at java.lang.Integer.parseInt(Integer.java:527)
	at ca.on.oicr.pde.workflows.XenoClassifyWorkflow.init(XenoClassifyWorkflow.java:98)
	... 31 more
... Removed 28 stack frames]]>
    </failure>
  </testcase> <!-- validateRegressionTestDefinition -->
</testsuite> <!-- Surefire test -->
